2026-03-06 02:38:50,619  INFO     Checking for kg_master files...
2026-03-06 02:38:50,621  INFO     Loading kg_master data...
2026-03-06 02:39:12,343  INFO     ============================================================
2026-03-06 02:39:12,344  INFO     BindIQ Agent 2 — Neo4j Loader
2026-03-06 02:39:12,344  INFO     ============================================================
2026-03-06 02:39:12,345  INFO     Loading Agent 1 data: kg_master_2026-03-05.json
2026-03-06 02:39:12,350  INFO     Agent 1 data: 12 carriers | 210 pricing rows | 12 reliability | 144 appetite | 72 state rows
2026-03-06 02:39:45,903  INFO     ============================================================
2026-03-06 02:39:45,903  INFO     BindIQ Agent 2 — Neo4j Loader
2026-03-06 02:39:45,904  INFO     ============================================================
2026-03-06 02:39:45,907  INFO     Loading Agent 1 data: kg_master_2026-03-05.json
2026-03-06 02:39:45,916  INFO     Agent 1 data: 12 carriers | 210 pricing rows | 12 reliability | 144 appetite | 72 state rows
2026-03-06 02:39:51,255  INFO     Running Maria's Whole Foods scenario...
2026-03-06 02:42:25,767  INFO     ============================================================
2026-03-06 02:42:25,768  INFO     BindIQ Agent 2 — Neo4j Loader
2026-03-06 02:42:25,769  INFO     ============================================================
2026-03-06 02:42:25,770  INFO     Loading Agent 1 data: kg_master_2026-03-05.json
2026-03-06 02:42:25,775  INFO     Agent 1 data: 12 carriers | 210 pricing rows | 12 reliability | 144 appetite | 72 state rows
2026-03-06 02:46:43,469  INFO     ============================================================
2026-03-06 02:46:43,470  INFO     BindIQ Agent 2 — Neo4j Loader
2026-03-06 02:46:43,470  INFO     ============================================================
2026-03-06 02:46:43,471  INFO     Loading Agent 1 data: kg_master_2026-03-05.json
2026-03-06 02:46:43,475  INFO     Agent 1 data: 12 carriers | 210 pricing rows | 12 reliability | 144 appetite | 72 state rows
2026-03-06 02:46:45,537  INFO     Neo4j connected: bolt://localhost:7687 / db=neo4j
2026-03-06 02:52:34,160  INFO     Running Maria's Whole Foods scenario...
2026-03-06 02:55:45,695  INFO     Running Maria's Whole Foods scenario...
2026-03-06 02:55:45,696  ERROR    Demo failed: 'charmap' codec can't encode character '\u2713' in position 18: character maps to <undefined>
Traceback (most recent call last):
  File "C:\Users\theya\Documents\GitHub\Plutus\KnowledgeGraph\quick_start_agent2.py", line 182, in cmd_demo_maria
    run_maria_scenario()
    ~~~~~~~~~~~~~~~~~~^^
  File "C:\Users\theya\Documents\GitHub\Plutus\KnowledgeGraph\maria_demo.py", line 110, in run_maria_scenario
    print_gap_analysis(analysis)
    ~~~~~~~~~~~~~~~~~~^^^^^^^^^^
  File "C:\Users\theya\Documents\GitHub\Plutus\KnowledgeGraph\gap_analyzer.py", line 468, in print_gap_analysis
    print(f"        Coverage: {opt.recommendation}")
    ~~~~~^^^^^^^^^^^^^^^^^^^^^^^^^^^^^^^^^^^^^^^^^^^
  File "C:\Python313\Lib\encodings\cp1252.py", line 19, in encode
    return codecs.charmap_encode(input,self.errors,encoding_table)[0]
           ~~~~~~~~~~~~~~~~~~~~~^^^^^^^^^^^^^^^^^^^^^^^^^^^^^^^^^^
UnicodeEncodeError: 'charmap' codec can't encode character '\u2713' in position 18: character maps to <undefined>
2026-03-06 03:09:24,429  INFO     ============================================================
2026-03-06 03:09:24,430  INFO     BindIQ Agent 2 — Neo4j Loader
2026-03-06 03:09:24,430  INFO     ============================================================
2026-03-06 03:09:24,430  INFO     Loading Agent 1 data: kg_master_2026-03-05.json
2026-03-06 03:09:24,432  INFO     Agent 1 data: 12 carriers | 210 pricing rows | 12 reliability | 144 appetite | 72 state rows
2026-03-06 03:09:26,490  INFO     Neo4j connected: bolt://localhost:7687 / db=neo4j
2026-03-06 03:09:26,494  INFO     Received notification from DBMS server: <GqlStatusObject gql_status='00NA0', status_description='note: successful completion - index or constraint already exists. `CREATE CONSTRAINT carrier_id IF NOT EXISTS FOR (e:Carrier) REQUIRE (e.id) IS UNIQUE` has no effect. `CONSTRAINT carrier_id FOR (e:Carrier) REQUIRE (e.id) IS UNIQUE` already exists.', position=None, raw_classification='SCHEMA', classification=<NotificationClassification.SCHEMA: 'SCHEMA'>, raw_severity='INFORMATION', severity=<NotificationSeverity.INFORMATION: 'INFORMATION'>, diagnostic_record={'_classification': 'SCHEMA', '_status_parameters': {'cmd': 'CREATE CONSTRAINT carrier_id IF NOT EXISTS FOR (e:Carrier) REQUIRE (e.id) IS UNIQUE', 'indexConstrPat': 'CONSTRAINT carrier_id FOR (e:Carrier) REQUIRE (e.id) IS UNIQUE'}, '_severity': 'INFORMATION', 'OPERATION': '', 'OPERATION_CODE': '0', 'CURRENT_SCHEMA': '/'}> for query: 'CREATE CONSTRAINT carrier_id IF NOT EXISTS FOR (c:Carrier) REQUIRE c.id IS UNIQUE'
2026-03-06 03:09:26,497  INFO     Received notification from DBMS server: <GqlStatusObject gql_status='00NA0', status_description='note: successful completion - index or constraint already exists. `CREATE CONSTRAINT industry_id IF NOT EXISTS FOR (e:Industry) REQUIRE (e.id) IS UNIQUE` has no effect. `CONSTRAINT industry_id FOR (e:Industry) REQUIRE (e.id) IS UNIQUE` already exists.', position=None, raw_classification='SCHEMA', classification=<NotificationClassification.SCHEMA: 'SCHEMA'>, raw_severity='INFORMATION', severity=<NotificationSeverity.INFORMATION: 'INFORMATION'>, diagnostic_record={'_classification': 'SCHEMA', '_status_parameters': {'cmd': 'CREATE CONSTRAINT industry_id IF NOT EXISTS FOR (e:Industry) REQUIRE (e.id) IS UNIQUE', 'indexConstrPat': 'CONSTRAINT industry_id FOR (e:Industry) REQUIRE (e.id) IS UNIQUE'}, '_severity': 'INFORMATION', 'OPERATION': '', 'OPERATION_CODE': '0', 'CURRENT_SCHEMA': '/'}> for query: 'CREATE CONSTRAINT industry_id IF NOT EXISTS FOR (i:Industry) REQUIRE i.id IS UNIQUE'
2026-03-06 03:09:26,500  INFO     Received notification from DBMS server: <GqlStatusObject gql_status='00NA0', status_description='note: successful completion - index or constraint already exists. `CREATE CONSTRAINT state_code IF NOT EXISTS FOR (e:State) REQUIRE (e.code) IS UNIQUE` has no effect. `CONSTRAINT state_code FOR (e:State) REQUIRE (e.code) IS UNIQUE` already exists.', position=None, raw_classification='SCHEMA', classification=<NotificationClassification.SCHEMA: 'SCHEMA'>, raw_severity='INFORMATION', severity=<NotificationSeverity.INFORMATION: 'INFORMATION'>, diagnostic_record={'_classification': 'SCHEMA', '_status_parameters': {'cmd': 'CREATE CONSTRAINT state_code IF NOT EXISTS FOR (e:State) REQUIRE (e.code) IS UNIQUE', 'indexConstrPat': 'CONSTRAINT state_code FOR (e:State) REQUIRE (e.code) IS UNIQUE'}, '_severity': 'INFORMATION', 'OPERATION': '', 'OPERATION_CODE': '0', 'CURRENT_SCHEMA': '/'}> for query: 'CREATE CONSTRAINT state_code IF NOT EXISTS FOR (s:State) REQUIRE s.code IS UNIQUE'
2026-03-06 03:09:26,503  INFO     Received notification from DBMS server: <GqlStatusObject gql_status='00NA0', status_description='note: successful completion - index or constraint already exists. `CREATE CONSTRAINT customer_id IF NOT EXISTS FOR (e:Customer) REQUIRE (e.id) IS UNIQUE` has no effect. `CONSTRAINT customer_id FOR (e:Customer) REQUIRE (e.id) IS UNIQUE` already exists.', position=None, raw_classification='SCHEMA', classification=<NotificationClassification.SCHEMA: 'SCHEMA'>, raw_severity='INFORMATION', severity=<NotificationSeverity.INFORMATION: 'INFORMATION'>, diagnostic_record={'_classification': 'SCHEMA', '_status_parameters': {'cmd': 'CREATE CONSTRAINT customer_id IF NOT EXISTS FOR (e:Customer) REQUIRE (e.id) IS UNIQUE', 'indexConstrPat': 'CONSTRAINT customer_id FOR (e:Customer) REQUIRE (e.id) IS UNIQUE'}, '_severity': 'INFORMATION', 'OPERATION': '', 'OPERATION_CODE': '0', 'CURRENT_SCHEMA': '/'}> for query: 'CREATE CONSTRAINT customer_id IF NOT EXISTS FOR (cu:Customer) REQUIRE cu.id IS UNIQUE'
2026-03-06 03:09:26,507  INFO     Received notification from DBMS server: <GqlStatusObject gql_status='00NA0', status_description='note: successful completion - index or constraint already exists. `CREATE RANGE INDEX carrier_name IF NOT EXISTS FOR (e:Carrier) ON (e.name)` has no effect. `RANGE INDEX carrier_name FOR (e:Carrier) ON (e.name)` already exists.', position=None, raw_classification='SCHEMA', classification=<NotificationClassification.SCHEMA: 'SCHEMA'>, raw_severity='INFORMATION', severity=<NotificationSeverity.INFORMATION: 'INFORMATION'>, diagnostic_record={'_classification': 'SCHEMA', '_status_parameters': {'cmd': 'CREATE RANGE INDEX carrier_name IF NOT EXISTS FOR (e:Carrier) ON (e.name)', 'indexConstrPat': 'RANGE INDEX carrier_name FOR (e:Carrier) ON (e.name)'}, '_severity': 'INFORMATION', 'OPERATION': '', 'OPERATION_CODE': '0', 'CURRENT_SCHEMA': '/'}> for query: 'CREATE INDEX carrier_name IF NOT EXISTS FOR (c:Carrier) ON (c.name)'
2026-03-06 03:09:26,509  INFO     Received notification from DBMS server: <GqlStatusObject gql_status='00NA0', status_description='note: successful completion - index or constraint already exists. `CREATE RANGE INDEX customer_industry IF NOT EXISTS FOR (e:Customer) ON (e.industry_id)` has no effect. `RANGE INDEX customer_industry FOR (e:Customer) ON (e.industry_id)` already exists.', position=None, raw_classification='SCHEMA', classification=<NotificationClassification.SCHEMA: 'SCHEMA'>, raw_severity='INFORMATION', severity=<NotificationSeverity.INFORMATION: 'INFORMATION'>, diagnostic_record={'_classification': 'SCHEMA', '_status_parameters': {'cmd': 'CREATE RANGE INDEX customer_industry IF NOT EXISTS FOR (e:Customer) ON (e.industry_id)', 'indexConstrPat': 'RANGE INDEX customer_industry FOR (e:Customer) ON (e.industry_id)'}, '_severity': 'INFORMATION', 'OPERATION': '', 'OPERATION_CODE': '0', 'CURRENT_SCHEMA': '/'}> for query: 'CREATE INDEX customer_industry IF NOT EXISTS FOR (cu:Customer) ON (cu.industry_id)'
2026-03-06 03:09:26,510  INFO     Schema / indexes ready
2026-03-06 03:09:26,510  INFO     Loading nodes...
2026-03-06 03:09:26,558  INFO       Carriers: 12 upserted
2026-03-06 03:09:26,582  INFO       Industries: 12 upserted
2026-03-06 03:09:26,595  INFO       States: 6 upserted
2026-03-06 03:09:26,595  INFO     Loading relationships...
2026-03-06 03:09:26,835  INFO       SPECIALIZES_IN: 144 relationships
2026-03-06 03:09:27,253  INFO       LICENSED_IN: 71 relationships
2026-03-06 03:09:27,283  INFO       Pricing: updated 12 carriers
2026-03-06 03:10:28,297  INFO     ============================================================
2026-03-06 03:10:28,297  INFO     BindIQ Agent 2 — Neo4j Loader
2026-03-06 03:10:28,297  INFO     ============================================================
2026-03-06 03:10:28,297  INFO     Loading Agent 1 data: kg_master_2026-03-05.json
2026-03-06 03:10:28,299  INFO     Agent 1 data: 12 carriers | 210 pricing rows | 12 reliability | 144 appetite | 72 state rows
2026-03-06 03:10:30,379  INFO     Neo4j connected: bolt://localhost:7687 / db=neo4j
2026-03-06 03:10:30,386  INFO     Received notification from DBMS server: <GqlStatusObject gql_status='00NA0', status_description='note: successful completion - index or constraint already exists. `CREATE CONSTRAINT carrier_id IF NOT EXISTS FOR (e:Carrier) REQUIRE (e.id) IS UNIQUE` has no effect. `CONSTRAINT carrier_id FOR (e:Carrier) REQUIRE (e.id) IS UNIQUE` already exists.', position=None, raw_classification='SCHEMA', classification=<NotificationClassification.SCHEMA: 'SCHEMA'>, raw_severity='INFORMATION', severity=<NotificationSeverity.INFORMATION: 'INFORMATION'>, diagnostic_record={'_classification': 'SCHEMA', '_status_parameters': {'cmd': 'CREATE CONSTRAINT carrier_id IF NOT EXISTS FOR (e:Carrier) REQUIRE (e.id) IS UNIQUE', 'indexConstrPat': 'CONSTRAINT carrier_id FOR (e:Carrier) REQUIRE (e.id) IS UNIQUE'}, '_severity': 'INFORMATION', 'OPERATION': '', 'OPERATION_CODE': '0', 'CURRENT_SCHEMA': '/'}> for query: 'CREATE CONSTRAINT carrier_id IF NOT EXISTS FOR (c:Carrier) REQUIRE c.id IS UNIQUE'
2026-03-06 03:10:30,392  INFO     Received notification from DBMS server: <GqlStatusObject gql_status='00NA0', status_description='note: successful completion - index or constraint already exists. `CREATE CONSTRAINT industry_id IF NOT EXISTS FOR (e:Industry) REQUIRE (e.id) IS UNIQUE` has no effect. `CONSTRAINT industry_id FOR (e:Industry) REQUIRE (e.id) IS UNIQUE` already exists.', position=None, raw_classification='SCHEMA', classification=<NotificationClassification.SCHEMA: 'SCHEMA'>, raw_severity='INFORMATION', severity=<NotificationSeverity.INFORMATION: 'INFORMATION'>, diagnostic_record={'_classification': 'SCHEMA', '_status_parameters': {'cmd': 'CREATE CONSTRAINT industry_id IF NOT EXISTS FOR (e:Industry) REQUIRE (e.id) IS UNIQUE', 'indexConstrPat': 'CONSTRAINT industry_id FOR (e:Industry) REQUIRE (e.id) IS UNIQUE'}, '_severity': 'INFORMATION', 'OPERATION': '', 'OPERATION_CODE': '0', 'CURRENT_SCHEMA': '/'}> for query: 'CREATE CONSTRAINT industry_id IF NOT EXISTS FOR (i:Industry) REQUIRE i.id IS UNIQUE'
2026-03-06 03:10:30,394  INFO     Received notification from DBMS server: <GqlStatusObject gql_status='00NA0', status_description='note: successful completion - index or constraint already exists. `CREATE CONSTRAINT state_code IF NOT EXISTS FOR (e:State) REQUIRE (e.code) IS UNIQUE` has no effect. `CONSTRAINT state_code FOR (e:State) REQUIRE (e.code) IS UNIQUE` already exists.', position=None, raw_classification='SCHEMA', classification=<NotificationClassification.SCHEMA: 'SCHEMA'>, raw_severity='INFORMATION', severity=<NotificationSeverity.INFORMATION: 'INFORMATION'>, diagnostic_record={'_classification': 'SCHEMA', '_status_parameters': {'cmd': 'CREATE CONSTRAINT state_code IF NOT EXISTS FOR (e:State) REQUIRE (e.code) IS UNIQUE', 'indexConstrPat': 'CONSTRAINT state_code FOR (e:State) REQUIRE (e.code) IS UNIQUE'}, '_severity': 'INFORMATION', 'OPERATION': '', 'OPERATION_CODE': '0', 'CURRENT_SCHEMA': '/'}> for query: 'CREATE CONSTRAINT state_code IF NOT EXISTS FOR (s:State) REQUIRE s.code IS UNIQUE'
2026-03-06 03:10:30,396  INFO     Received notification from DBMS server: <GqlStatusObject gql_status='00NA0', status_description='note: successful completion - index or constraint already exists. `CREATE CONSTRAINT customer_id IF NOT EXISTS FOR (e:Customer) REQUIRE (e.id) IS UNIQUE` has no effect. `CONSTRAINT customer_id FOR (e:Customer) REQUIRE (e.id) IS UNIQUE` already exists.', position=None, raw_classification='SCHEMA', classification=<NotificationClassification.SCHEMA: 'SCHEMA'>, raw_severity='INFORMATION', severity=<NotificationSeverity.INFORMATION: 'INFORMATION'>, diagnostic_record={'_classification': 'SCHEMA', '_status_parameters': {'cmd': 'CREATE CONSTRAINT customer_id IF NOT EXISTS FOR (e:Customer) REQUIRE (e.id) IS UNIQUE', 'indexConstrPat': 'CONSTRAINT customer_id FOR (e:Customer) REQUIRE (e.id) IS UNIQUE'}, '_severity': 'INFORMATION', 'OPERATION': '', 'OPERATION_CODE': '0', 'CURRENT_SCHEMA': '/'}> for query: 'CREATE CONSTRAINT customer_id IF NOT EXISTS FOR (cu:Customer) REQUIRE cu.id IS UNIQUE'
2026-03-06 03:10:30,399  INFO     Received notification from DBMS server: <GqlStatusObject gql_status='00NA0', status_description='note: successful completion - index or constraint already exists. `CREATE RANGE INDEX carrier_name IF NOT EXISTS FOR (e:Carrier) ON (e.name)` has no effect. `RANGE INDEX carrier_name FOR (e:Carrier) ON (e.name)` already exists.', position=None, raw_classification='SCHEMA', classification=<NotificationClassification.SCHEMA: 'SCHEMA'>, raw_severity='INFORMATION', severity=<NotificationSeverity.INFORMATION: 'INFORMATION'>, diagnostic_record={'_classification': 'SCHEMA', '_status_parameters': {'cmd': 'CREATE RANGE INDEX carrier_name IF NOT EXISTS FOR (e:Carrier) ON (e.name)', 'indexConstrPat': 'RANGE INDEX carrier_name FOR (e:Carrier) ON (e.name)'}, '_severity': 'INFORMATION', 'OPERATION': '', 'OPERATION_CODE': '0', 'CURRENT_SCHEMA': '/'}> for query: 'CREATE INDEX carrier_name IF NOT EXISTS FOR (c:Carrier) ON (c.name)'
2026-03-06 03:10:30,402  INFO     Received notification from DBMS server: <GqlStatusObject gql_status='00NA0', status_description='note: successful completion - index or constraint already exists. `CREATE RANGE INDEX customer_industry IF NOT EXISTS FOR (e:Customer) ON (e.industry_id)` has no effect. `RANGE INDEX customer_industry FOR (e:Customer) ON (e.industry_id)` already exists.', position=None, raw_classification='SCHEMA', classification=<NotificationClassification.SCHEMA: 'SCHEMA'>, raw_severity='INFORMATION', severity=<NotificationSeverity.INFORMATION: 'INFORMATION'>, diagnostic_record={'_classification': 'SCHEMA', '_status_parameters': {'cmd': 'CREATE RANGE INDEX customer_industry IF NOT EXISTS FOR (e:Customer) ON (e.industry_id)', 'indexConstrPat': 'RANGE INDEX customer_industry FOR (e:Customer) ON (e.industry_id)'}, '_severity': 'INFORMATION', 'OPERATION': '', 'OPERATION_CODE': '0', 'CURRENT_SCHEMA': '/'}> for query: 'CREATE INDEX customer_industry IF NOT EXISTS FOR (cu:Customer) ON (cu.industry_id)'
2026-03-06 03:10:30,402  INFO     Schema / indexes ready
2026-03-06 03:10:30,402  INFO     Loading nodes...
2026-03-06 03:10:30,456  INFO       Carriers: 12 upserted
2026-03-06 03:10:30,477  INFO       Industries: 12 upserted
2026-03-06 03:10:30,486  INFO       States: 6 upserted
2026-03-06 03:10:30,486  INFO     Loading relationships...
2026-03-06 03:10:30,789  INFO       SPECIALIZES_IN: 144 relationships
2026-03-06 03:10:30,910  INFO       LICENSED_IN: 71 relationships
2026-03-06 03:10:30,927  INFO       Pricing: updated 12 carriers
2026-03-06 03:10:30,950  INFO       Reliability: updated 12 carriers
2026-03-06 03:10:31,016  INFO     
  Neo4j graph: 12 carriers | 12 industries | 6 states
2026-03-06 03:10:31,016  INFO       Neo4j load complete
2026-03-06 04:38:11,336  INFO     Loading Agent 1 data: kg_master_2026-03-05.json
